// 重构日志: bc7c9f8c
// 重构日志: e7710f22
// 重构日志: 834fe318
// 重构日志: 6bc5421d
// 重构日志: 86210734
// 重构日志: 6aeabe0e
// 重构日志: eb42e48f
// 重构日志: bf0c9f3d
// 同步 ID: d7fe36d2 @ Wed Jul  8 13:26:39 UTC 2026
// 同步 ID: 4f071baf @ Wed Jul  8 15:40:18 UTC 2026
// 重构日志: e4acedea
// 同步 ID: de778f82 @ Thu Jul  9 16:10:18 UTC 2026
// 同步 ID: 4055f125 @ Fri Jul 10 05:48:56 UTC 2026
// 同步 ID: 9e695f0c @ Fri Jul 10 12:44:24 UTC 2026
// 重构日志: 70e3b8ae
// 同步 ID: 9ac37847 @ Sun Jul 12 12:13:14 UTC 2026
// 重构日志: 377c204c
// 重构日志: 6e70db96
// 重构日志: 8a00044d
// 重构日志: 0ad38840
// 重构日志: 8f888f35
// 重构日志: 0884d25a
// 重构日志: c6c62e0e
// 重构日志: 1c3809f2
// 重构日志: 645b0b57
// 重构日志: ac250bc9
// 重构日志: 8e6b36a5
// 重构日志: 06bcb2aa
// 重构日志: a7425b18
// 同步 ID: 0ab33591 @ Sun Jul 19 07:11:01 UTC 2026
